<?xml version="1.0" encoding="UTF-8"?>
<!-- Generated by org.testng.reporters.JUnitReportReporter -->
<testsuite hostname="Surendra" name="com.crm.organizationtest.OrganizationTest" tests="2" failures="0" timestamp="6 Mar 2018 09:43:45 GMT" time="33.405" errors="0">
  <testcase name="createOrganizationTest" time="17.140" classname="com.crm.organizationtest.OrganizationTest"/>
  <testcase name="createOrganizationWithOrganizationTypeTest" time="16.265" classname="com.crm.organizationtest.OrganizationTest"/>
</testsuite> <!-- com.crm.organizationtest.OrganizationTest -->
