<?xml version="1.0" encoding="UTF-8"?>
<!-- Generated by org.testng.reporters.JUnitReportReporter -->
<testsuite hostname="Surendra" name="com.crm.endtoendtest.EndToEndTest" tests="1" failures="0" timestamp="6 Mar 2018 10:20:17 GMT" time="37.970" errors="0">
  <testcase name="createOpertunityUsingOrgCompaignTest" time="37.970" classname="com.crm.endtoendtest.EndToEndTest"/>
</testsuite> <!-- com.crm.endtoendtest.EndToEndTest -->
