<?xml version="1.0" encoding="UTF-8"?>
<!-- Generated by org.testng.reporters.JUnitReportReporter -->
<testsuite hostname="Surendra" name="com.crm.contacttest.ContactTest" tests="1" failures="0" timestamp="6 Mar 2018 10:33:11 GMT" time="24.546" errors="0">
  <testcase name="createContactTest" time="24.546" classname="com.crm.contacttest.ContactTest"/>
</testsuite> <!-- com.crm.contacttest.ContactTest -->
