<?xml version="1.0" encoding="UTF-8"?>
<!-- Generated by org.testng.reporters.JUnitReportReporter -->
<testsuite hostname="Surendra" name="com.crm.endtoendtest.EndToEndTest" tests="2" failures="0" timestamp="6 Mar 2018 10:56:59 GMT" time="100.654" errors="0">
  <testcase name="deleteOrgWhenOrgContainsContact_OpertunityTest" time="68.477" classname="com.crm.endtoendtest.EndToEndTest"/>
  <testcase name="createOpertunityUsingOrgCompaignTest" time="32.177" classname="com.crm.endtoendtest.EndToEndTest"/>
</testsuite> <!-- com.crm.endtoendtest.EndToEndTest -->
