<?xml version="1.0" encoding="UTF-8"?>
<!-- Generated by org.testng.reporters.JUnitReportReporter -->
<testsuite hostname="Surendra" name="com.crm.organizationtest.OrganizationTest" tests="2" failures="0" timestamp="6 Mar 2018 10:56:59 GMT" time="31.819" errors="0">
  <testcase name="createOrganizationWithOrganizationTypeTest" time="15.426" classname="com.crm.organizationtest.OrganizationTest"/>
  <testcase name="createOrganizationTest" time="16.393" classname="com.crm.organizationtest.OrganizationTest"/>
</testsuite> <!-- com.crm.organizationtest.OrganizationTest -->
