<?xml version="1.0" encoding="UTF-8"?>
<!-- Generated by org.testng.reporters.JUnitReportReporter -->
<testsuite hostname="Surendra" name="com.crm.contacttest.ContactTest" tests="3" failures="0" timestamp="6 Mar 2018 10:56:59 GMT" time="50.377" errors="0">
  <testcase name="createContactWithOrganizationTest" time="22.288" classname="com.crm.contacttest.ContactTest"/>
  <testcase name="createContactTest" time="14.675" classname="com.crm.contacttest.ContactTest"/>
  <testcase name="createContactWithImageTest" time="13.414" classname="com.crm.contacttest.ContactTest"/>
</testsuite> <!-- com.crm.contacttest.ContactTest -->
